<?xml version="1.0" encoding="UTF-8"?>
<testsuite xmlns:xsi="http://www.w3.org/2001/XMLSchema-instance" xsi:noNamespaceSchemaLocation="https://maven.apache.org/surefire/maven-surefire-plugin/xsd/surefire-test-report-3.0.xsd" version="3.0" name="com.infylife.MathUtilsTest$SubtractTest" time="0.006" tests="6" errors="0" skipped="0" failures="0">
  <properties>
[...]
</properties>
  <testcase name="testWhenFirstArgumentIsNegative" classname="com.infylife.MathUtilsTest$SubtractTest" time="0.001"/>
  <testcase name="testWhenFirstArgumentIsZero" classname="com.infylife.MathUtilsTest$SubtractTest" time="0.001"/>
  <testcase name="testWhenTwoNegativeNumber" classname="com.infylife.MathUtilsTest$SubtractTest" time="0.001"/>
  <testcase name="testWhenSecondArgumentIsNegative" classname="com.infylife.MathUtilsTest$SubtractTest" time="0"/>
  <testcase name="testWhenTwoPositiveNumber" classname="com.infylife.MathUtilsTest$SubtractTest" time="0.001"/>
  <testcase name="testWhenSecondArgumentIsZero" classname="com.infylife.MathUtilsTest$SubtractTest" time="0.001"/>
</testsuite>